21.4.2025, 10:55:44 - ERROR - cannot load toys | TypeError: Cannot read properties of undefined (reading 'length')
21.4.2025, 10:57:18 - ERROR - cannot load toys | TypeError: Cannot read properties of undefined (reading 'length')
21.4.2025, 10:57:19 - ERROR - cannot load toys | TypeError: Cannot read properties of undefined (reading 'length')
21.4.2025, 10:58:03 - ERROR - cannot load toys | TypeError: Cannot read properties of undefined (reading 'length')
21.4.2025, 11:03:10 - ERROR - cannot load toys | cannot find toy:undefined
21.4.2025, 12:39:08 - ERROR - cannot load toy | ReferenceError: fs is not defined
21.4.2025, 16:54:36 - ERROR - cannot load toys | TypeError: Cannot read properties of undefined (reading 'name')
21.4.2025, 16:54:53 - ERROR - cannot load toys | TypeError: Cannot read properties of undefined (reading 'name')
21.4.2025, 16:55:20 - ERROR - cannot load toys | TypeError: Cannot read properties of undefined (reading 'name')
21.4.2025, 16:55:21 - ERROR - cannot load toys | TypeError: Cannot read properties of undefined (reading 'name')
21.4.2025, 16:55:37 - ERROR - cannot load toys | TypeError: Cannot read properties of undefined (reading 'name')
21.4.2025, 16:55:38 - ERROR - cannot load toys | TypeError: Cannot read properties of undefined (reading 'name')
21.4.2025, 16:55:38 - ERROR - cannot load toys | TypeError: Cannot read properties of undefined (reading 'name')
22.4.2025, 14:20:50 - ERROR - cannot load toys | TypeError: Cannot read properties of undefined (reading 'name')
22.4.2025, 14:25:29 - ERROR - cannot load toys | TypeError: Cannot read properties of undefined (reading 'name')
22.4.2025, 14:25:31 - ERROR - cannot load toys | TypeError: Cannot read properties of undefined (reading 'name')
22.4.2025, 14:25:32 - ERROR - cannot load toys | TypeError: Cannot read properties of undefined (reading 'name')
22.4.2025, 14:25:33 - ERROR - cannot load toys | TypeError: Cannot read properties of undefined (reading 'name')
22.4.2025, 14:25:34 - ERROR - cannot load toys | TypeError: Cannot read properties of undefined (reading 'name')
22.4.2025, 14:25:36 - ERROR - cannot load toys | TypeError: Cannot read properties of undefined (reading 'name')
22.4.2025, 14:25:40 - ERROR - cannot load toys | TypeError: Cannot read properties of undefined (reading 'name')
22.4.2025, 20:39:42 - ERROR - cannot remove toy | RangeError [ERR_HTTP_INVALID_STATUS_CODE]: Invalid status code: 1
22.4.2025, 20:41:40 - ERROR - cannot remove toy | RangeError [ERR_HTTP_INVALID_STATUS_CODE]: Invalid status code: 1
22.4.2025, 20:43:54 - ERROR - cannot remove toy | RangeError [ERR_HTTP_INVALID_STATUS_CODE]: Invalid status code: 1
22.4.2025, 20:47:13 - ERROR - cannot remove toy | RangeError [ERR_HTTP_INVALID_STATUS_CODE]: Invalid status code: 1
22.4.2025, 20:47:53 - ERROR - cannot remove toy | cannot find toy:GvZbPv
22.4.2025, 20:47:59 - ERROR - cannot remove toy | RangeError [ERR_HTTP_INVALID_STATUS_CODE]: Invalid status code: 1
22.4.2025, 20:54:40 - ERROR - cannot remove toy | RangeError [ERR_HTTP_INVALID_STATUS_CODE]: Invalid status code: 1
23.4.2025, 11:21:38 - ERROR - cannot remove toy | RangeError [ERR_HTTP_INVALID_STATUS_CODE]: Invalid status code: 1
23.4.2025, 11:22:29 - ERROR - cannot remove toy | RangeError [ERR_HTTP_INVALID_STATUS_CODE]: Invalid status code: 1
23.4.2025, 11:24:43 - ERROR - cannot remove toy | RangeError [ERR_HTTP_INVALID_STATUS_CODE]: Invalid status code: 1
23.4.2025, 11:27:29 - ERROR - cannot remove toy | RangeError [ERR_HTTP_INVALID_STATUS_CODE]: Invalid status code: 1
23.4.2025, 11:50:29 - ERROR - cannot remove toy | ReferenceError: send is not defined
23.4.2025, 11:50:57 - ERROR - cannot remove toy | ReferenceError: send is not defined
28.4.2025, 21:42:29 - ERROR - cannot load toy | cannot find toy:undefined
28.4.2025, 21:43:00 - ERROR - cannot load toy | cannot find toy:undefined
29.4.2025, 0:42:53 - ERROR - cannot remove toy | cannot find toy:undefined
29.4.2025, 0:49:53 - ERROR - cannot load toys | ReferenceError: ilterBy is not defined
29.4.2025, 0:55:56 - ERROR - cannot load toy | cannot find toy:undefined
29.4.2025, 0:55:56 - ERROR - cannot load toy | cannot find toy:undefined
